17:27:36 UID=18903536771834 lastAction=OUT GRANTED
12:00:19 UID=18903536771834 lastAction=OUT GRANTED
12:16:56 UID=18903536771834 lastAction=IN DENIED(already_inside)
12:33:48 UID=18903536771834 lastAction=IN DENIED(already_inside)
12:33:53 UID=18903536771834 lastAction=IN DENIED(already_inside)
12:39:54 UID=18903536771834 lastAction=IN DENIED(already_inside)
12:48:42 UID=18903536771834 lastAction=IN DENIED(already_inside)
12:13:50 UID=D0C6395F lastAction=OUT GRANTED
12:16:03 UID=D0C6395F lastAction=IN DENIED(already_inside)
12:16:22 UID=D0C6395F lastAction=IN DENIED(already_inside)
12:17:09 UID=D0C6395F NOT_FOUND
12:17:31 UID=D0C6395F NOT_FOUND
12:17:37 UID=D0C6395F NOT_FOUND
12:18:08 UID=D0C6395F NOT_FOUND
12:19:55 UID=D0C6395F lastAction=OUT GRANTED
12:36:30 UID=D0C6395F lastAction=OUT GRANTED
01:29:37 UID=D0C6395F lastAction=OUT GRANTED
01:45:16 UID=0584E992072400 NOT_FOUND
01:45:20 UID=D0C6395F lastAction=OUT GRANTED
01:45:58 UID=D0C6395F lastAction=IN DENIED(already_inside)
01:46:24 UID=D0C6395F lastAction=OUT GRANTED
01:51:44 UID=0584E992072400 NOT_FOUND
01:52:16 UID=0584E992072400 lastAction=OUT GRANTED
01:54:52 UID=0584E992072400 lastAction=OUT GRANTED
01:55:20 UID=0584E992072400 lastAction=IN DENIED(already_inside)
01:55:34 UID=0584E992072400 lastAction=OUT GRANTED
15:42:24 UID=D0C6395F lastAction=OUT GRANTED
15:42:53 UID=D0C6395F lastAction=IN DENIED(already_inside)
15:46:17 UID=D0C6395F lastAction=IN DENIED(already_inside)
15:46:21 UID=D0C6395F lastAction=IN DENIED(already_inside)
15:46:25 UID=D0C6395F lastAction=IN DENIED(already_inside)
15:46:35 UID=D0C6395F lastAction=IN DENIED(already_inside)
15:46:39 UID=D0C6395F lastAction=IN DENIED(already_inside)
15:46:43 UID=D0C6395F lastAction=IN DENIED(already_inside)
15:47:34 UID=3F66CF02 NOT_FOUND
15:48:10 UID=3F66CF02 lastAction=OUT GRANTED
15:48:35 UID=3F66CF02 lastAction=OUT GRANTED
21:20:23 UID=D0C6395F NOT_FOUND
21:20:48 UID=D0C6395F lastAction=OUT GRANTED
21:23:32 UID=D0C6395F lastAction=OUT GRANTED
09:56:29 UID=D0C6395F lastAction=OUT GRANTED
09:59:43 UID=D0C6395F lastAction=OUT GRANTED
10:02:34 UID=D0C6395F lastAction=OUT GRANTED
10:18:15 UID=D0C6395F lastAction=OUT GRANTED
10:18:54 UID=D0C6395F lastAction=OUT GRANTED
10:24:02 UID=D0C6395F lastAction=IN DENIED(already_inside)
10:24:38 UID=D0C6395F lastAction=OUT GRANTED
10:24:39 UID=D0C6395F lastAction=IN DENIED(already_inside)
10:25:44 UID=D0C6395F lastAction=IN DENIED(already_inside)
10:26:05 UID=D0C6395F lastAction=IN DENIED(already_inside)
10:26:10 UID=D0C6395F lastAction=IN DENIED(already_inside)
10:26:22 UID=D0C6395F lastAction=IN DENIED(already_inside)
10:26:38 UID=D0C6395F lastAction=IN DENIED(already_inside)
10:26:45 UID=D0C6395F lastAction=IN DENIED(already_inside)
10:26:48 UID=D0C6395F lastAction=IN DENIED(already_inside)
10:26:53 UID=D0C6395F lastAction=IN DENIED(already_inside)
10:27:04 UID=D0C6395F lastAction=IN DENIED(already_inside)
10:27:23 UID=D0C6395F lastAction=IN DENIED(already_inside)
10:27:55 UID=D0C6395F NOT_FOUND
10:28:21 UID=D0C6395F lastAction=OUT GRANTED
10:28:59 UID=D0C6395F lastAction=OUT GRANTED
10:29:01 UID=D0C6395F lastAction=IN DENIED(already_inside)
10:29:05 UID=D0C6395F lastAction=IN DENIED(already_inside)
10:30:58 UID=D0C6395F lastAction=IN DENIED(already_inside)
10:32:16 UID=D0C6395F lastAction=OUT GRANTED
10:32:37 UID=D0C6395F lastAction=OUT GRANTED
10:28:30 UID=D0C6395F lastAction=BOOK GRANTED
10:30:57 UID=D0C6395F lastAction=OUT GRANTED
10:32:02 UID=D0C6395F lastAction=BOOK GRANTED
11:46:53 UID=D0C6395F lastAction=BOOK GRANTED
11:47:49 UID=D0C6395F lastAction=OUT GRANTED
14:11:52 UID=D0C6395F lastAction=TOPUP GRANTED
14:17:59 UID=D0C6395F lastAction=OUT GRANTED
14:18:26 UID=D0C6395F lastAction=OUT GRANTED
14:22:20 UID=442AADA5 NOT_FOUND
14:22:24 UID=442AADA5 NOT_FOUND
14:22:50 UID=442AADA5 NOT_FOUND
14:23:41 UID=442AADA5 lastAction=OUT GRANTED
14:30:33 UID=D0C6395F lastAction=OUT GRANTED
14:35:09 UID=D0C6395F lastAction=OUT GRANTED
14:35:52 UID=D0C6395F lastAction=OUT GRANTED
14:38:32 UID=D0C6395F lastAction=OUT GRANTED
14:43:56 UID=D0C6395F lastAction=OUT GRANTED
14:48:29 UID=D0C6395F lastAction=TOPUP GRANTED
14:51:02 UID=D0C6395F lastAction=OUT GRANTED
14:54:41 UID=D0C6395F lastAction=OUT GRANTED
14:56:11 UID=D0C6395F lastAction=OUT GRANTED
15:01:44 UID=D0C6395F lastAction=OUT GRANTED
16:44:11 UID=D0C6395F lastAction=OUT GRANTED
16:47:57 UID=D0C6395F lastAction=TOPUP GRANTED
16:58:13 UID=D0C6395F lastAction=OUT GRANTED
16:58:15 UID=D0C6395F lastAction=IN DENIED(already_inside)
16:59:14 UID=D0C6395F lastAction=IN DENIED(already_inside)
17:00:35 UID=D0C6395F lastAction=IN DENIED(already_inside)
17:00:41 UID=D0C6395F lastAction=IN DENIED(already_inside)
17:01:31 UID=D0C6395F lastAction=IN DENIED(already_inside)
17:03:32 UID=D0C6395F lastAction=OUT GRANTED
17:09:45 UID=D0C6395F lastAction=BOOK GRANTED
09:03:12 UID=D0C6395F lastAction=OUT GRANTED
09:16:45 UID=D0C6395F lastAction=OUT GRANTED
09:17:58 UID=D0C6395F lastAction=BOOK GRANTED
09:30:37 UID=D0C6395F lastAction=OUT GRANTED
09:31:53 UID=D0C6395F lastAction=BOOK GRANTED
10:46:58 UID=D0C6395F lastAction=OUT GRANTED
10:53:26 UID=D0C6395F lastAction=OUT GRANTED
10:53:56 UID=3F66CF02 NOT_FOUND
10:54:02 UID=D0C6395F lastAction=IN DENIED(already_inside)
10:54:20 UID=D0C6395F lastAction=OUT GRANTED
10:57:37 UID=189035350DE171 NOT_FOUND
10:58:56 UID=189035350DE171 lastAction=OUT GRANTED
10:59:59 UID=189035350DE171 lastAction=OUT GRANTED
11:01:18 UID=189035350DE171 lastAction=OUT GRANTED
11:01:37 UID=3F66CF02 NOT_FOUND
11:01:41 UID=3F66CF02 NOT_FOUND
11:01:59 UID=189035350DE171 lastAction=OUT GRANTED
11:04:58 UID=189035350DE171 lastAction=OUT GRANTED
